<?xml version="1.0" encoding="UTF-8"?>
<!-- Generated by org.testng.reporters.JUnitReportReporter -->
<testsuite hostname="LAPTOP-IJ8J0UKI" failures="0" tests="1" name="testclass.country_datainput_test" time="11.995" errors="0" timestamp="2023-06-15T10:55:09 IST" skipped="0">
  <testcase classname="testclass.country_datainput_test" name="enterdetails" time="11.995"/>
  <system-out/>
</testsuite> <!-- testclass.country_datainput_test -->
